[debug] [2026-05-02T01:13:08.123Z] [Firebase Plugin] Activating Firebase extension.
[info] [Firebase Plugin] Checked firebase-tools, is up to date!
[debug] [2026-05-02T01:13:12.706Z] [Firebase Plugin] requireAuthWrapper
[debug] [2026-05-02T01:13:12.709Z] > command requires scopes: ["email","openid","https://www.googleapis.com/auth/cloudplatformprojects.readonly","https://www.googleapis.com/auth/firebase","https://www.googleapis.com/auth/cloud-platform"]
[debug] [2026-05-02T01:13:12.710Z] > authorizing via signed-in user (hassan.nxtlift@gmail.com)
[debug] [2026-05-02T01:13:12.715Z] Checked if tokens are valid: true, expires at: 1777687796974
[debug] [2026-05-02T01:13:12.716Z] Checked if tokens are valid: true, expires at: 1777687796974
[debug] [2026-05-02T01:13:12.716Z] [Firebase Plugin] User found:  hassan.nxtlift@gmail.com
[info] [Firebase Plugin] (Core:Project) New user detected, fetching projects
[debug] [2026-05-02T01:13:12.719Z] Checked if tokens are valid: true, expires at: 1777687796974
[debug] [2026-05-02T01:13:12.721Z] >>> [apiv2][query] GET https://firebase.googleapis.com/v1beta1/projects pageSize=1000
[info] [Firebase Plugin] Starting SQL Connect toolkit (version 3.4.5) on port 50001
[debug] [2026-05-02T01:13:14.739Z] 'fdc build' failed with error: Unable to build your SQL Connect schema and connectors (exit code 1): E0502 06:43:14.730699    5064 cmd.go:43] Error loading data connect config: could not find dataconnect.yaml in `d:\app\ai-swadesh\dataconnect`
 {"metadata":{"emulator":{"name":"dataconnect"},"message":"'fdc build' failed with error: Unable to build your SQL Connect schema and connectors (exit code 1): E0502 06:43:14.730699    5064 cmd.go:43] Error loading data connect config: could not find dataconnect.yaml in `d:\\app\\ai-swadesh\\dataconnect`\n"}}
[debug] [2026-05-02T01:13:14.740Z] Ignoring unsupported arg: auto_download {"metadata":{"emulator":{"name":"dataconnect"},"message":"Ignoring unsupported arg: auto_download"}}
[debug] [2026-05-02T01:13:14.741Z] Ignoring unsupported arg: port {"metadata":{"emulator":{"name":"dataconnect"},"message":"Ignoring unsupported arg: port"}}
[debug] [2026-05-02T01:13:14.742Z] Starting SQL Connect Emulator with command {"binary":"C:\\Users\\hassa\\.cache\\firebase\\emulators\\dataconnect-emulator-3.4.5.exe","args":["--logtostderr","-v=2","dev","--listen=localhost:50001","--config_dir=d:\\app\\ai-swadesh\\dataconnect","--enable_output_schema_extensions=true","--enable_output_generated_sdk=true"],"optionalArgs":["listen","config_dir","enable_output_schema_extensions","enable_output_generated_sdk"],"joinArgs":true,"shell":false,"port":9399} {"metadata":{"emulator":{"name":"dataconnect"},"message":"Starting SQL Connect Emulator with command {\"binary\":\"C:\\\\Users\\\\hassa\\\\.cache\\\\firebase\\\\emulators\\\\dataconnect-emulator-3.4.5.exe\",\"args\":[\"--logtostderr\",\"-v=2\",\"dev\",\"--listen=localhost:50001\",\"--config_dir=d:\\\\app\\\\ai-swadesh\\\\dataconnect\",\"--enable_output_schema_extensions=true\",\"--enable_output_generated_sdk=true\"],\"optionalArgs\":[\"listen\",\"config_dir\",\"enable_output_schema_extensions\",\"enable_output_generated_sdk\"],\"joinArgs\":true,\"shell\":false,\"port\":9399}"}}
[info] i  dataconnect: SQL Connect Emulator logging to dataconnect-debug.log {"metadata":{"emulator":{"name":"dataconnect"},"message":"SQL Connect Emulator logging to \u001b[1mdataconnect-debug.log\u001b[22m"}}
[debug] [2026-05-02T01:13:14.824Z] E0502 06:43:14.823847   12900 dev.go:83] Failed to load initial config from "d:\\app\\ai-swadesh\\dataconnect": could not find dataconnect.yaml in `d:\app\ai-swadesh\dataconnect`
 {"metadata":{"emulator":{"name":"dataconnect"},"message":"E0502 06:43:14.823847   12900 dev.go:83] Failed to load initial config from \"d:\\\\app\\\\ai-swadesh\\\\dataconnect\": could not find dataconnect.yaml in `d:\\app\\ai-swadesh\\dataconnect`\n"}}
[debug] [2026-05-02T01:13:14.825Z] E0502 06:43:14.824361   12900 watch.go:116] watchAllDir unable to walk dir `d:\app\ai-swadesh\dataconnect`: GetFileAttributesEx d:\app\ai-swadesh\dataconnect: The system cannot find the file specified.
 {"metadata":{"emulator":{"name":"dataconnect"},"message":"E0502 06:43:14.824361   12900 watch.go:116] watchAllDir unable to walk dir `d:\\app\\ai-swadesh\\dataconnect`: GetFileAttributesEx d:\\app\\ai-swadesh\\dataconnect: The system cannot find the file specified.\n"}}
[debug] [2026-05-02T01:13:14.847Z] I0502 06:43:14.847172   12900 dev.go:104] Listening on address (HTTP + gRPC): 127.0.0.1:50001
 {"metadata":{"emulator":{"name":"dataconnect"},"message":"I0502 06:43:14.847172   12900 dev.go:104] Listening on address (HTTP + gRPC): 127.0.0.1:50001\n"}}
[error] [Firebase Plugin] error:  {}
[debug] [2026-05-02T01:13:15.569Z] <<< [apiv2][status] GET https://firebase.googleapis.com/v1beta1/projects 200
[debug] [2026-05-02T01:13:15.570Z] <<< [apiv2][body] GET https://firebase.googleapis.com/v1beta1/projects [omitted]
[debug] [2026-05-02T01:13:24.824Z] E0502 06:43:24.824700   12900 watch.go:40] Failed to load config from "d:\\app\\ai-swadesh\\dataconnect": could not find dataconnect.yaml in `d:\app\ai-swadesh\dataconnect`
 {"metadata":{"emulator":{"name":"dataconnect"},"message":"E0502 06:43:24.824700   12900 watch.go:40] Failed to load config from \"d:\\\\app\\\\ai-swadesh\\\\dataconnect\": could not find dataconnect.yaml in `d:\\app\\ai-swadesh\\dataconnect`\n"}}
[debug] [2026-05-02T01:13:34.824Z] E0502 06:43:34.824586   12900 watch.go:40] Failed to load config from "d:\\app\\ai-swadesh\\dataconnect": could not find dataconnect.yaml in `d:\app\ai-swadesh\dataconnect`
 {"metadata":{"emulator":{"name":"dataconnect"},"message":"E0502 06:43:34.824586   12900 watch.go:40] Failed to load config from \"d:\\\\app\\\\ai-swadesh\\\\dataconnect\": could not find dataconnect.yaml in `d:\\app\\ai-swadesh\\dataconnect`\n"}}
[debug] [2026-05-02T01:13:44.827Z] E0502 06:43:44.826423   12900 watch.go:40] Failed to load config from "d:\\app\\ai-swadesh\\dataconnect": could not find dataconnect.yaml in `d:\app\ai-swadesh\dataconnect`
 {"metadata":{"emulator":{"name":"dataconnect"},"message":"E0502 06:43:44.826423   12900 watch.go:40] Failed to load config from \"d:\\\\app\\\\ai-swadesh\\\\dataconnect\": could not find dataconnect.yaml in `d:\\app\\ai-swadesh\\dataconnect`\n"}}
[debug] [2026-05-02T01:13:54.825Z] E0502 06:43:54.825160   12900 watch.go:40] Failed to load config from "d:\\app\\ai-swadesh\\dataconnect": could not find dataconnect.yaml in `d:\app\ai-swadesh\dataconnect`
 {"metadata":{"emulator":{"name":"dataconnect"},"message":"E0502 06:43:54.825160   12900 watch.go:40] Failed to load config from \"d:\\\\app\\\\ai-swadesh\\\\dataconnect\": could not find dataconnect.yaml in `d:\\app\\ai-swadesh\\dataconnect`\n"}}
[debug] [2026-05-02T01:14:04.825Z] E0502 06:44:04.825269   12900 watch.go:40] Failed to load config from "d:\\app\\ai-swadesh\\dataconnect": could not find dataconnect.yaml in `d:\app\ai-swadesh\dataconnect`
 {"metadata":{"emulator":{"name":"dataconnect"},"message":"E0502 06:44:04.825269   12900 watch.go:40] Failed to load config from \"d:\\\\app\\\\ai-swadesh\\\\dataconnect\": could not find dataconnect.yaml in `d:\\app\\ai-swadesh\\dataconnect`\n"}}
[debug] [2026-05-02T01:14:14.825Z] E0502 06:44:14.824797   12900 watch.go:116] watchAllDir unable to walk dir `d:\app\ai-swadesh\dataconnect`: GetFileAttributesEx d:\app\ai-swadesh\dataconnect: The system cannot find the file specified.
E0502 06:44:14.825430   12900 watch.go:40] Failed to load config from "d:\\app\\ai-swadesh\\dataconnect": could not find dataconnect.yaml in `d:\app\ai-swadesh\dataconnect`
 {"metadata":{"emulator":{"name":"dataconnect"},"message":"E0502 06:44:14.824797   12900 watch.go:116] watchAllDir unable to walk dir `d:\\app\\ai-swadesh\\dataconnect`: GetFileAttributesEx d:\\app\\ai-swadesh\\dataconnect: The system cannot find the file specified.\nE0502 06:44:14.825430   12900 watch.go:40] Failed to load config from \"d:\\\\app\\\\ai-swadesh\\\\dataconnect\": could not find dataconnect.yaml in `d:\\app\\ai-swadesh\\dataconnect`\n"}}
[debug] [2026-05-02T01:14:24.827Z] E0502 06:44:24.825376   12900 watch.go:40] Failed to load config from "d:\\app\\ai-swadesh\\dataconnect": could not find dataconnect.yaml in `d:\app\ai-swadesh\dataconnect`
 {"metadata":{"emulator":{"name":"dataconnect"},"message":"E0502 06:44:24.825376   12900 watch.go:40] Failed to load config from \"d:\\\\app\\\\ai-swadesh\\\\dataconnect\": could not find dataconnect.yaml in `d:\\app\\ai-swadesh\\dataconnect`\n"}}
[debug] [2026-05-02T01:14:34.829Z] E0502 06:44:34.829187   12900 watch.go:40] Failed to load config from "d:\\app\\ai-swadesh\\dataconnect": could not find dataconnect.yaml in `d:\app\ai-swadesh\dataconnect`
 {"metadata":{"emulator":{"name":"dataconnect"},"message":"E0502 06:44:34.829187   12900 watch.go:40] Failed to load config from \"d:\\\\app\\\\ai-swadesh\\\\dataconnect\": could not find dataconnect.yaml in `d:\\app\\ai-swadesh\\dataconnect`\n"}}
[debug] [2026-05-02T01:14:44.824Z] E0502 06:44:44.824633   12900 watch.go:40] Failed to load config from "d:\\app\\ai-swadesh\\dataconnect": could not find dataconnect.yaml in `d:\app\ai-swadesh\dataconnect`
 {"metadata":{"emulator":{"name":"dataconnect"},"message":"E0502 06:44:44.824633   12900 watch.go:40] Failed to load config from \"d:\\\\app\\\\ai-swadesh\\\\dataconnect\": could not find dataconnect.yaml in `d:\\app\\ai-swadesh\\dataconnect`\n"}}
[debug] [2026-05-02T01:14:54.828Z] E0502 06:44:54.825223   12900 watch.go:40] Failed to load config from "d:\\app\\ai-swadesh\\dataconnect": could not find dataconnect.yaml in `d:\app\ai-swadesh\dataconnect`
 {"metadata":{"emulator":{"name":"dataconnect"},"message":"E0502 06:44:54.825223   12900 watch.go:40] Failed to load config from \"d:\\\\app\\\\ai-swadesh\\\\dataconnect\": could not find dataconnect.yaml in `d:\\app\\ai-swadesh\\dataconnect`\n"}}
[debug] [2026-05-02T01:15:04.836Z] E0502 06:45:04.834756   12900 watch.go:40] Failed to load config from "d:\\app\\ai-swadesh\\dataconnect": could not find dataconnect.yaml in `d:\app\ai-swadesh\dataconnect`
 {"metadata":{"emulator":{"name":"dataconnect"},"message":"E0502 06:45:04.834756   12900 watch.go:40] Failed to load config from \"d:\\\\app\\\\ai-swadesh\\\\dataconnect\": could not find dataconnect.yaml in `d:\\app\\ai-swadesh\\dataconnect`\n"}}
[debug] [2026-05-02T01:15:14.831Z] E0502 06:45:14.831156   12900 watch.go:116] watchAllDir unable to walk dir `d:\app\ai-swadesh\dataconnect`: GetFileAttributesEx d:\app\ai-swadesh\dataconnect: The system cannot find the file specified.
 {"metadata":{"emulator":{"name":"dataconnect"},"message":"E0502 06:45:14.831156   12900 watch.go:116] watchAllDir unable to walk dir `d:\\app\\ai-swadesh\\dataconnect`: GetFileAttributesEx d:\\app\\ai-swadesh\\dataconnect: The system cannot find the file specified.\n"}}
[debug] [2026-05-02T01:15:14.832Z] E0502 06:45:14.832158   12900 watch.go:40] Failed to load config from "d:\\app\\ai-swadesh\\dataconnect": could not find dataconnect.yaml in `d:\app\ai-swadesh\dataconnect`
 {"metadata":{"emulator":{"name":"dataconnect"},"message":"E0502 06:45:14.832158   12900 watch.go:40] Failed to load config from \"d:\\\\app\\\\ai-swadesh\\\\dataconnect\": could not find dataconnect.yaml in `d:\\app\\ai-swadesh\\dataconnect`\n"}}
[debug] [2026-05-02T01:15:24.828Z] E0502 06:45:24.827424   12900 watch.go:40] Failed to load config from "d:\\app\\ai-swadesh\\dataconnect": could not find dataconnect.yaml in `d:\app\ai-swadesh\dataconnect`
 {"metadata":{"emulator":{"name":"dataconnect"},"message":"E0502 06:45:24.827424   12900 watch.go:40] Failed to load config from \"d:\\\\app\\\\ai-swadesh\\\\dataconnect\": could not find dataconnect.yaml in `d:\\app\\ai-swadesh\\dataconnect`\n"}}
[debug] [2026-05-02T01:15:34.827Z] E0502 06:45:34.827369   12900 watch.go:40] Failed to load config from "d:\\app\\ai-swadesh\\dataconnect": could not find dataconnect.yaml in `d:\app\ai-swadesh\dataconnect`
 {"metadata":{"emulator":{"name":"dataconnect"},"message":"E0502 06:45:34.827369   12900 watch.go:40] Failed to load config from \"d:\\\\app\\\\ai-swadesh\\\\dataconnect\": could not find dataconnect.yaml in `d:\\app\\ai-swadesh\\dataconnect`\n"}}
[debug] [2026-05-02T01:15:44.826Z] E0502 06:45:44.826747   12900 watch.go:40] Failed to load config from "d:\\app\\ai-swadesh\\dataconnect": could not find dataconnect.yaml in `d:\app\ai-swadesh\dataconnect`
 {"metadata":{"emulator":{"name":"dataconnect"},"message":"E0502 06:45:44.826747   12900 watch.go:40] Failed to load config from \"d:\\\\app\\\\ai-swadesh\\\\dataconnect\": could not find dataconnect.yaml in `d:\\app\\ai-swadesh\\dataconnect`\n"}}
[debug] [2026-05-02T01:15:54.826Z] E0502 06:45:54.826694   12900 watch.go:40] Failed to load config from "d:\\app\\ai-swadesh\\dataconnect": could not find dataconnect.yaml in `d:\app\ai-swadesh\dataconnect`
 {"metadata":{"emulator":{"name":"dataconnect"},"message":"E0502 06:45:54.826694   12900 watch.go:40] Failed to load config from \"d:\\\\app\\\\ai-swadesh\\\\dataconnect\": could not find dataconnect.yaml in `d:\\app\\ai-swadesh\\dataconnect`\n"}}
[debug] [2026-05-02T01:16:04.827Z] E0502 06:46:04.825882   12900 watch.go:40] Failed to load config from "d:\\app\\ai-swadesh\\dataconnect": could not find dataconnect.yaml in `d:\app\ai-swadesh\dataconnect`
 {"metadata":{"emulator":{"name":"dataconnect"},"message":"E0502 06:46:04.825882   12900 watch.go:40] Failed to load config from \"d:\\\\app\\\\ai-swadesh\\\\dataconnect\": could not find dataconnect.yaml in `d:\\app\\ai-swadesh\\dataconnect`\n"}}
[debug] [2026-05-02T01:16:14.827Z] E0502 06:46:14.827431   12900 watch.go:116] watchAllDir unable to walk dir `d:\app\ai-swadesh\dataconnect`: GetFileAttributesEx d:\app\ai-swadesh\dataconnect: The system cannot find the file specified.
 {"metadata":{"emulator":{"name":"dataconnect"},"message":"E0502 06:46:14.827431   12900 watch.go:116] watchAllDir unable to walk dir `d:\\app\\ai-swadesh\\dataconnect`: GetFileAttributesEx d:\\app\\ai-swadesh\\dataconnect: The system cannot find the file specified.\n"}}
[debug] [2026-05-02T01:16:14.829Z] E0502 06:46:14.827431   12900 watch.go:40] Failed to load config from "d:\\app\\ai-swadesh\\dataconnect": could not find dataconnect.yaml in `d:\app\ai-swadesh\dataconnect`
 {"metadata":{"emulator":{"name":"dataconnect"},"message":"E0502 06:46:14.827431   12900 watch.go:40] Failed to load config from \"d:\\\\app\\\\ai-swadesh\\\\dataconnect\": could not find dataconnect.yaml in `d:\\app\\ai-swadesh\\dataconnect`\n"}}
[debug] [2026-05-02T01:16:24.847Z] E0502 06:46:24.846739   12900 watch.go:40] Failed to load config from "d:\\app\\ai-swadesh\\dataconnect": could not find dataconnect.yaml in `d:\app\ai-swadesh\dataconnect`
 {"metadata":{"emulator":{"name":"dataconnect"},"message":"E0502 06:46:24.846739   12900 watch.go:40] Failed to load config from \"d:\\\\app\\\\ai-swadesh\\\\dataconnect\": could not find dataconnect.yaml in `d:\\app\\ai-swadesh\\dataconnect`\n"}}
[debug] [2026-05-02T01:16:34.833Z] E0502 06:46:34.832357   12900 watch.go:40] Failed to load config from "d:\\app\\ai-swadesh\\dataconnect": could not find dataconnect.yaml in `d:\app\ai-swadesh\dataconnect`
 {"metadata":{"emulator":{"name":"dataconnect"},"message":"E0502 06:46:34.832357   12900 watch.go:40] Failed to load config from \"d:\\\\app\\\\ai-swadesh\\\\dataconnect\": could not find dataconnect.yaml in `d:\\app\\ai-swadesh\\dataconnect`\n"}}
[info] [Firebase Plugin] Stopping SQL Connect toolkit
[warn] !  SQL Connect Emulator has exited upon receiving signal: SIGINT 
